0 info it worked if it ends with ok
1 verbose cli [ 'D:\\grunt\\node.exe',
1 verbose cli   'D:\\grunt\\node_modules\\npm\\bin\\npm-cli.js',
1 verbose cli   'i',
1 verbose cli   'Handlebars',
1 verbose cli   '--save' ]
2 info using npm@3.3.12
3 info using node@v5.1.0
4 silly loadCurrentTree Starting
5 silly install loadCurrentTree
6 silly install readLocalPackageData
7 silly fetchPackageMetaData Handlebars
8 silly fetchNamedPackageData Handlebars
9 silly mapToRegistry name Handlebars
10 silly mapToRegistry using default registry
11 silly mapToRegistry registry https://registry.npmjs.org/
12 silly mapToRegistry uri https://registry.npmjs.org/Handlebars
13 verbose request uri https://registry.npmjs.org/Handlebars
14 verbose request no auth needed
15 info attempt registry request try #1 at 21:34:32
16 verbose request id 80945cbb54d92d6b
17 http request GET https://registry.npmjs.org/Handlebars
18 http 404 https://registry.npmjs.org/Handlebars
19 verbose headers { date: 'Tue, 11 Jun 2019 13:34:37 GMT',
19 verbose headers   'content-type': 'application/json',
19 verbose headers   'content-length': '21',
19 verbose headers   connection: 'keep-alive',
19 verbose headers   'set-cookie': [ '__cfduid=dc17a7beafed0acf035f9dee22a5c19821560260076; expires=Wed, 10-Jun-20 13:34:36 GMT; path=/; domain=.npmjs.org; HttpOnly' ],
19 verbose headers   'cf-cache-status': 'MISS',
19 verbose headers   'cache-control': 'max-age=300',
19 verbose headers   'cf-ray': '4e53f6a86e25456a-TPE',
19 verbose headers   'expect-ct': 'max-age=604800, report-uri="https://report-uri.cloudflare.com/cdn-cgi/beacon/expect-ct"',
19 verbose headers   vary: 'accept-encoding, accept',
19 verbose headers   server: 'cloudflare' }
20 silly get cb [ 404,
20 silly get   { date: 'Tue, 11 Jun 2019 13:34:37 GMT',
20 silly get     'content-type': 'application/json',
20 silly get     'content-length': '21',
20 silly get     connection: 'keep-alive',
20 silly get     'set-cookie': [ '__cfduid=dc17a7beafed0acf035f9dee22a5c19821560260076; expires=Wed, 10-Jun-20 13:34:36 GMT; path=/; domain=.npmjs.org; HttpOnly' ],
20 silly get     'cf-cache-status': 'MISS',
20 silly get     'cache-control': 'max-age=300',
20 silly get     'cf-ray': '4e53f6a86e25456a-TPE',
20 silly get     'expect-ct': 'max-age=604800, report-uri="https://report-uri.cloudflare.com/cdn-cgi/beacon/expect-ct"',
20 silly get     vary: 'accept-encoding, accept',
20 silly get     server: 'cloudflare' } ]
21 silly fetchPackageMetaData Error: Not found : Handlebars
21 silly fetchPackageMetaData     at makeError (D:\grunt\node_modules\npm\node_modules\npm-registry-client\lib\request.js:264:12)
21 silly fetchPackageMetaData     at CachingRegistryClient.<anonymous> (D:\grunt\node_modules\npm\node_modules\npm-registry-client\lib\request.js:252:14)
21 silly fetchPackageMetaData     at Request._callback (D:\grunt\node_modules\npm\node_modules\npm-registry-client\lib\request.js:172:14)
21 silly fetchPackageMetaData     at Request.self.callback (D:\grunt\node_modules\npm\node_modules\request\request.js:198:22)
21 silly fetchPackageMetaData     at emitTwo (events.js:87:13)
21 silly fetchPackageMetaData     at Request.emit (events.js:172:7)
21 silly fetchPackageMetaData     at Request.<anonymous> (D:\grunt\node_modules\npm\node_modules\request\request.js:1082:10)
21 silly fetchPackageMetaData     at emitOne (events.js:82:20)
21 silly fetchPackageMetaData     at Request.emit (events.js:169:7)
21 silly fetchPackageMetaData     at IncomingMessage.<anonymous> (D:\grunt\node_modules\npm\node_modules\request\request.js:1009:12)
21 silly fetchPackageMetaData  error for Handlebars { [Error: Not found : Handlebars] pkgid: 'Handlebars', statusCode: 404, code: 'E404' }
22 silly rollbackFailedOptional Starting
23 silly rollbackFailedOptional Finishing
24 silly runTopLevelLifecycles Starting
25 silly runTopLevelLifecycles Finishing
26 silly install printInstalled
27 verbose stack Error: Not found : Handlebars
27 verbose stack     at makeError (D:\grunt\node_modules\npm\node_modules\npm-registry-client\lib\request.js:264:12)
27 verbose stack     at CachingRegistryClient.<anonymous> (D:\grunt\node_modules\npm\node_modules\npm-registry-client\lib\request.js:252:14)
27 verbose stack     at Request._callback (D:\grunt\node_modules\npm\node_modules\npm-registry-client\lib\request.js:172:14)
27 verbose stack     at Request.self.callback (D:\grunt\node_modules\npm\node_modules\request\request.js:198:22)
27 verbose stack     at emitTwo (events.js:87:13)
27 verbose stack     at Request.emit (events.js:172:7)
27 verbose stack     at Request.<anonymous> (D:\grunt\node_modules\npm\node_modules\request\request.js:1082:10)
27 verbose stack     at emitOne (events.js:82:20)
27 verbose stack     at Request.emit (events.js:169:7)
27 verbose stack     at IncomingMessage.<anonymous> (D:\grunt\node_modules\npm\node_modules\request\request.js:1009:12)
28 verbose statusCode 404
29 verbose pkgid Handlebars
30 verbose cwd D:\code\json
31 error Windows_NT 6.1.7601
32 error argv "D:\\grunt\\node.exe" "D:\\grunt\\node_modules\\npm\\bin\\npm-cli.js" "i" "Handlebars" "--save"
33 error node v5.1.0
34 error npm  v3.3.12
35 error code E404
36 error 404 Not found : Handlebars
36 error 404
36 error 404 'Handlebars' is not in the npm registry.
36 error 404 Your package name is not valid, because
36 error 404
36 error 404  1. name can no longer contain capital letters
36 error 404
36 error 404 Note that you can also install from a
36 error 404 tarball, folder, http url, or git url.
37 verbose exit [ 1, true ]
